<?xml version="1.0" encoding="UTF-8"?>
<testng-results skipped="0" failed="0" ignored="0" total="1" passed="1">
  <reporter-output>
  </reporter-output>
  <suite name="Default suite" duration-ms="51470" started-at="2019-11-21T12:59:02Z" finished-at="2019-11-21T12:59:53Z">
    <groups>
    </groups>
    <test name="Default test" duration-ms="51470" started-at="2019-11-21T12:59:02Z" finished-at="2019-11-21T12:59:53Z">
      <class name="scripts.TripTestClass">
        <test-method status="PASS" signature="TripTest()[pri:0, instance:scripts.TripTestClass@7f9a81e8]" name="TripTest" duration-ms="51443" started-at="2019-11-21T12:59:02Z" finished-at="2019-11-21T12:59:53Z">
          <reporter-output>
          </reporter-output>
        </test-method> <!-- TripTest -->
      </class> <!-- scripts.TripTestClass -->
    </test> <!-- Default test -->
  </suite> <!-- Default suite -->
</testng-results>
